<?xml version="1.0" encoding="UTF-8"?>
<!-- Generated by org.testng.reporters.JUnitXMLReporter -->
<testsuite hostname="DESKTOP-FDOBOJL" ignored="0" name="Automation Test Report" tests="1" failures="1" timestamp="17 Sep 2019 04:48:06 GMT" time="6.387" errors="0">
  <testcase name="@AfterClass tearDownClass" time="0.0" classname="com.ibm.testautomation.testrunner.TestRunner">
    <skipped/>
  </testcase> <!-- @AfterClass tearDownClass -->
  <testcase name="feature" time="5.863" classname="com.ibm.testautomation.testrunner.TestRunner">
    <failure type="java.lang.AssertionError" message="null">
      <![CDATA[java.lang.AssertionError: null
at com.ibm.testautomation.stepdef.MyJuniperStepDef.open_myjuniper_application(MyJuniperStepDef.java:74)
at âœ½.Open MyJuniper Application(src/test/java/Features/MyJuniper.feature:6)
... Removed 2 stack frames]]>
    </failure>
  </testcase> <!-- feature -->
</testsuite> <!-- Automation Test Report -->
